<?xml version="1.0" encoding="UTF-8"?>
<!-- Generated by org.testng.reporters.JUnitXMLReporter -->
<testsuite ignored="0" hostname="LAPTOP-GQ2D66KP" failures="0" tests="3" name="Default test" time="11.368" errors="0" timestamp="2023-10-24T12:35:39 EET">
  <testcase classname="swaglab.MyTestClass" name="LoginWithPerformanceUser" time="3.43"/>
  <testcase classname="swaglab.MyTestClass" name="LoginWithProblemUser" time="3.251"/>
  <testcase classname="swaglab.MyTestClass" name="LoginWithStandardUSer" time="3.217"/>
</testsuite> <!-- Default test -->
